n/1617476874284.jpg
n/1617476874283.jpg
n/1617476874282.jpg
n/1617476874281.jpg
n/1617476874076.png
n/1617476874280.jpg
n/1617476874279.jpg
n/1617476874278.jpg
n/1617476874277.jpg
n/1617476874276.jpg
n/1617476874275.jpg
n/1617476874274.jpg
n/1617476874273.jpg
n/1617476874272.jpg
n/1617476874271.jpg
n/1617476874270.jpg
n/1617476874269.jpg
n/1617476874268.jpg
n/1617476874267.jpg
n/1617476874266.jpg
n/1617476874075.png
n/1617476874265.jpg
n/1617476874264.jpg
n/1617476874263.jpg
n/1617476874262.jpg
n/1617476874261.jpg
n/1617476874260.jpg
n/1617476874259.jpg
n/1617476874258.jpg
n/1617476874257.jpg
n/1617476874256.jpg
n/1617476874255.jpg
n/1617476874254.jpg
n/1617476874253.jpg
n/1617476874252.jpg
n/1617476874251.jpg
n/1617476874250.jpg
n/1617476874249.jpg
n/1617476874248.jpg
n/1617476874247.jpg
n/1617476874246.jpg
n/1617476874245.jpg
n/1617476874244.jpg
n/1617476874243.jpg
n/1617476874242.jpg
n/1617476874241.jpg
n/1617476874240.jpg
n/1617476874239.jpg
n/1617476874073.png
n/1617476874238.jpg
n/1617476874237.jpg
n/1617476874236.jpg
n/1617476874235.jpg
n/1617476874234.jpg
n/1617476874233.jpg
n/1617476874232.jpg
n/1617476874231.jpg
n/1617476874230.jpg
n/1617476874229.jpg
n/1617476874228.jpg
n/1617476874227.jpg
n/1617476874226.jpg
n/1617476874225.jpg
n/1617476874224.jpg
n/1617476874070.png
n/1617476874223.jpg
n/1617476874222.jpg
n/1617476874221.jpg
n/1617476874220.jpg
n/1617476874219.jpg
n/1617476874218.jpg
n/1617476874217.jpg
n/1617476874216.jpg
n/1617476874215.jpg
n/1617476874214.jpg
n/1617476874213.jpg
n/1617476874212.jpg
n/1617476874211.jpg
n/1617476874210.jpg
n/1617476874209.jpg
n/1617476874208.jpg
n/1617476874207.jpg
n/1617476874206.jpg
n/1617476874204.jpg
n/1617476874203.jpg
n/1617476874202.jpg
n/1617476874201.jpg
n/1617476874200.jpg
n/1617476874198.jpg
n/1617476874199.jpg
n/1617476874197.jpg
n/1617476874196.jpg
n/1617476874195.jpg
n/1617476874194.jpg
n/1617476874138.png
n/1617476874193.jpg
n/1617476874192.jpg
n/1617476874191.jpg
n/1617476874190.jpg
n/1617476874189.jpg
n/1617476874188.jpg
n/1617476874187.jpg
n/1617476874186.jpg
n/1617476874185.jpg
n/1617476874184.jpg
n/1617476874183.jpg
n/1617476874182.jpg
n/1617476874181.jpg
n/1617476874180.jpg
n/1617476874179.jpg
n/1617476874178.jpg
n/1617476874177.jpg
n/1617476874176.jpg
n/1617476874175.jpg
n/1617476874174.jpg
n/1617476874173.jpg
n/1617476874172.jpg
n/1617476874171.jpg
n/1617476874170.jpg
n/1617476874169.jpg
n/1617476874168.jpg
n/1617476874167.jpg
n/1617476874166.jpg
n/1617476874165.jpg
n/1617476874164.jpg
n/1617476874163.jpg
n/1617476874162.jpg
n/1617476874131.png
n/1617476874160.jpg
n/1617476874161.jpg
n/1617476874159.jpg
n/1617476874158.jpg
n/1617476874157.jpg
n/1617476874156.jpg
n/1617476874155.jpg
n/1617476874154.jpg
n/1617476874153.jpg
n/1617476874122.png
n/1617476874152.jpg
n/1617476874151.jpg
n/1617476874150.jpg
n/1617476874149.jpg
n/1617476874114.png
n/1617476874148.jpg
n/1617476874147.jpg
n/1617476874104.png
n/1617476874071.jpg
n/1617476874146.jpg
n/1617476874145.jpg
n/1617476874144.jpg
n/1617476874143.jpg
n/1617476874142.jpg
n/1617476874141.jpg
n/1617476874140.jpg
n/1617476874139.jpg
n/1617476874136.jpg
n/1617476874135.jpg
n/1617476874134.jpg
n/1617476874133.jpg
n/1617476874132.jpg
n/1617476874131.jpg
n/1617476874129.jpg
n/1617476874128.jpg
n/1617476874127.jpg
n/1617476874126.jpg
n/1617476874125.jpg
n/1617476874124.jpg
n/1617476874123.jpg
n/1617476874121.jpg
n/1617476874120.jpg
n/1617476874119.jpg
n/1617476874118.jpg
n/1617476874117.jpg
n/1617476874116.jpg
n/1617476874115.jpg
n/1617476874114.jpg
n/1617476874112.jpg
n/1617476874111.jpg
n/1617476874110.jpg
n/1617476874109.jpg
n/1617476874108.jpg
n/1617476874107.jpg
n/1617476874106.jpg
n/1617476874103.jpg
n/1617476874102.jpg
n/1617476874101.jpg
n/1617476874096.png
n/1617476874090.png
n/1617476874100.jpg
n/1617476874099.jpg
n/1617476874098.jpg
n/1617476874097.jpg
n/1617476874095.jpg
n/1617476874094.jpg
n/1617476874093.jpg
n/1617476874092.jpg
n/1617476874091.jpg
n/1617476874088.jpg
n/1617476874087.jpg
n/1617476874086.jpg
n/1617476874082.png
n/1617476874068.png
n/1617476874085.jpg
n/1617476874291.jpg
n/1617476874084.jpg
n/1617476874083.jpg
n/1617476874057.jpg
n/1617476874290.jpg
n/1617476874080.jpg
n/1617476874289.jpg
n/1617476874056.jpg
n/1617476874288.jpg
n/1617476874079.jpg
n/1617476874065.jpg
n/1617476874078.jpg
n/1617476874064.jpg
n/1617476874055.jpg
n/1617476874054.jpg
n/1617476874063.jpg
n/1617476874077.jpg
n/1617476874062.jpg
n/1617476874075.jpg
n/1617476874287.jpg
n/1617476874074.jpg
n/1617476874052.jpg
n/1617476874072.jpg
n/1617476874061.jpg
n/1617476874069.jpg
n/1617476874286.jpg
n/1617476874137.jpg
n/1617476874060.jpg
n/1617476874130.jpg
n/1617476874049.jpg
n/1617476874059.jpg
n/1617476874285.jpg
n/1617476874113.jpg
n/1617476874058.jpg
n/1617476874104.jpg
n/9k_.jpg
n/1617476874096.jpg
n/1617476874048.jpg
n/1617476874089.jpg
n/2Q__.jpg
n/1617476874081.jpg
n/Z.jpg
n/1617476874066.jpg
n/images.png
n/images.jpg