p/100.jpg 1 0 0 53 72
p/99.jpg 1 0 0 96 123
p/98.jpg 1 0 0 128 156
p/97.jpg 1 0 0 98 130
p/96.jpg 1 0 0 69 100
p/95.jpg 1 0 0 80 99
p/94.jpg 1 0 0 42 51
p/93.jpg 1 0 0 103 122
p/92.jpg 1 0 0 53 73
p/91.jpg 1 0 0 116 157
p/90.jpg 1 0 0 45 62
p/89.jpg 1 0 0 63 85
p/88.jpg 1 0 0 73 109
p/87.jpg 1 0 0 160 225
p/86.jpg 1 0 0 167 180
p/85.jpg 1 0 0 62 88
p/84.jpg 1 0 0 186 185
p/83.jpg 1 0 0 18 23
p/82.jpg 1 0 0 67 90
p/81.jpg 1 0 0 57 78
p/80.jpg 1 0 0 184 247
p/79.jpg 1 0 0 106 139
p/78.jpg 1 0 0 146 199
p/77.jpg 1 0 0 110 159
p/76.jpg 1 0 0 48 75
p/75.jpg 1 0 0 90 133
p/74.jpg 1 0 0 58 84
p/73.jpg 1 0 0 84 116
p/72.jpg 1 0 0 80 119
p/71.jpg 1 0 0 79 116
p/70.jpg 1 0 0 98 145
p/69.jpg 1 0 0 105 145
p/68.jpg 1 0 0 104 160
p/67.jpg 1 0 0 76 112
p/66.jpg 1 0 0 53 81
p/65.jpg 1 0 0 50 75
p/64.jpg 1 0 0 57 72
p/63.jpg 1 0 0 60 95
p/62.jpg 1 0 0 37 65
p/61.jpg 1 0 0 44 67
p/60.jpg 1 0 0 99 154
p/59.jpg 1 0 0 40 63
p/58.jpg 1 0 0 66 87
p/57.jpg 1 0 0 193 183
p/56.jpg 1 0 0 50 77
p/55.jpg 1 0 0 133 201
p/54.jpg 1 0 0 38 51
p/53.jpg 1 0 0 51 75
p/52.jpg 1 0 0 52 52
p/51.jpg 1 0 0 57 76
p/50.jpg 1 0 0 39 62
p/49.jpg 1 0 0 71 103
p/48.jpg 1 0 0 50 72
p/47.jpg 1 0 0 38 57
p/46.jpg 1 0 0 64 102
p/45.jpg 1 0 0 124 158
p/44.jpg 1 0 0 35 58
p/43.jpg 1 0 0 67 109
p/42.jpg 1 0 0 95 122
p/41.jpg 1 0 0 53 75
p/40.jpg 1 0 0 77 117
p/39.jpg 1 0 0 85 107
p/38.jpg 1 0 0 91 106
p/37.jpg 1 0 0 86 119
p/36.jpg 1 0 0 94 139
p/35.jpg 1 0 0 55 73
p/34.jpg 1 0 0 22 37
p/33.jpg 1 0 0 87 98
p/32.jpg 1 0 0 44 63
p/31.jpg 1 0 0 93 142
p/30.jpg 1 0 0 33 43
p/29.jpg 1 0 0 54 75
p/28.jpg 1 0 0 45 61
p/27.jpg 1 0 0 59 85
p/26.jpg 1 0 0 70 90
p/25.jpg 1 0 0 40 65
p/24.jpg 1 0 0 128 152
p/23.jpg 1 0 0 176 247
p/22.jpg 1 0 0 99 116
p/21.jpg 1 0 0 81 103
p/20.jpg 1 0 0 43 65
p/19.jpg 1 0 0 52 65
p/18.jpg 1 0 0 97 122
p/17.jpg 1 0 0 52 68
p/16.jpg 1 0 0 56 73
p/15.jpg 1 0 0 62 79
p/14.jpg 1 0 0 183 202
p/13.jpg 1 0 0 58 73
p/12.jpg 1 0 0 48 61
p/11.jpg 1 0 0 36 49
p/10.jpg 1 0 0 144 165
p/9.jpg 1 0 0 63 70
p/8.jpg 1 0 0 46 58
p/7.jpg 1 0 0 52 65
p/6.jpg 1 0 0 67 91
p/5.jpg 1 0 0 34 56
p/4.jpg 1 0 0 38 53
p/3.jpg 1 0 0 57 87
p/2.jpg 1 0 0 84 118
p/1.jpg 1 0 0 35 46