p/100.jpg 1 0 0 169 198
p/99.jpg 1 0 0 143 156
p/98.jpg 1 0 0 65 70
p/97.jpg 1 0 0 78 65
p/96.jpg 1 0 0 222 168
p/95.jpg 1 0 0 67 75
p/94.jpg 1 0 0 124 135
p/93.jpg 1 0 0 115 146
p/85.jpg 1 0 0 90 95
p/84.jpg 1 0 0 53 78
p/83.jpg 1 0 0 69 89
p/82.jpg 1 0 0 158 168
p/81.jpg 1 0 0 142 162
p/80.jpg 1 0 0 52 73
p/79.jpg 1 0 0 123 124
p/78.jpg 1 0 0 148 161
p/77.jpg 1 0 0 94 121
p/76.jpg 1 0 0 61 76
p/75.jpg 1 0 0 56 67
p/74.jpg 1 0 0 132 160
p/73.jpg 1 0 0 69 100
p/72.jpg 1 0 0 151 203
p/71.jpg 1 0 0 115 178
p/92.jpg 1 0 0 127 156
p/91.jpg 1 0 0 81 98
p/90.jpg 1 0 0 147 160
p/89.jpg 1 0 0 50 58
p/88.jpg 1 0 0 94 97
p/87.jpg 1 0 0 125 138
p/86.jpg 1 0 0 140 168
p/70.jpg 1 0 0 68 80
p/69.jpg 1 0 0 77 98
p/68.jpg 1 0 0 34 46
p/67.jpg 1 0 0 38 63
p/66.jpg 1 0 0 46 61
p/65.jpg 1 0 0 87 68
p/64.jpg 1 0 0 59 92
p/63.jpg 1 0 0 65 87
p/62.jpg 1 0 0 93 119
p/61.jpg 1 0 0 85 100
p/60.jpg 1 0 0 169 213
p/59.jpg 1 0 0 81 82
p/58.jpg 1 0 0 168 174
p/57.jpg 1 0 0 75 94
p/56.jpg 1 0 0 128 162
p/55.jpg 1 0 0 42 52
p/54.jpg 1 0 0 62 76
p/52.jpg 1 0 0 74 95
p/51.jpg 1 0 0 41 60
p/50.jpg 1 0 0 64 75
p/49.jpg 1 0 0 225 194
p/48.jpg 1 0 0 80 100
p/47.jpg 1 0 0 125 145
p/46.jpg 1 0 0 109 152
p/45.jpg 1 0 0 82 112
p/44.jpg 1 0 0 52 62
p/43.jpg 1 0 0 83 113
p/42.jpg 1 0 0 67 101
p/41.jpg 1 0 0 143 205
p/40.jpg 1 0 0 187 167
p/13.jpg 1 0 0 225 159
p/10.jpg 1 0 0 162 194
p/8.jpg 1 0 0 113 126
p/7.jpg 1 0 0 83 112
p/6.jpg 1 0 0 149 172
p/5.jpg 1 0 0 74 80
p/4.jpg 1 0 0 163 166
p/3.jpg 1 0 0 79 80
p/2.jpg 1 0 0 45 65
p/38.jpg 1 0 0 89 107
p/37.jpg 1 0 0 195 194
p/36.jpg 1 0 0 95 95
p/35.jpg 1 0 0 167 147
p/34.jpg 1 0 0 122 157
p/33.jpg 1 0 0 74 91
p/32.jpg 1 0 0 173 120
p/31.jpg 1 0 0 105 117
p/30.jpg 1 0 0 107 131
p/29.jpg 1 0 0 169 187
p/28.jpg 1 0 0 78 91
p/27.jpg 1 0 0 130 156
p/26.jpg 1 0 0 51 65
p/25.jpg 1 0 0 122 164
p/24.jpg 1 0 0 103 103
p/23.jpg 1 0 0 115 136
p/22.jpg 1 0 0 182 216
p/21.jpg 1 0 0 192 163
p/20.jpg 1 0 0 105 123
p/19.jpg 1 0 0 223 185
p/18.jpg 1 0 0 103 124
p/17.jpg 1 0 0 125 136
p/14.jpg 1 0 0 128 143
p/11.jpg 1 0 0 64 72
p/39.jpg 1 0 0 100 100
p/53.jpg 1 0 0 100 100
p/9.jpg 1 0 0 177 284
p/15.jpg 1 0 0 275 183
p/1.jpg 1 0 0 100 100
p/12.jpg 1 0 0 100 100
p/16.jpg 1 0 0 100 100